{
  "RSpec": {
    "coverage": {
      "/Users/timothyblanchard/Projects/Makers/vBook/spec/controllers/home_controller_spec.rb": [
        1,
        null,
        1,
        null,
        null
      ],
      "/Users/timothyblanchard/Projects/Makers/vBook/app/controllers/home_controller.rb": [
        1,
        null
      ],
      "/Users/timothyblanchard/Projects/Makers/vBook/app/controllers/application_controller.rb": [
        1,
        1,
        1,
        null,
        1,
        1,
        17,
        17,
        17,
        17,
        null,
        null,
        null
      ],
      "/Users/timothyblanchard/Projects/Makers/vBook/spec/features/feature_friend_accounts_spec.rb": [

      ],
      "/Users/timothyblanchard/Projects/Makers/vBook/spec/features/feature_homePage_spec.rb": [

      ],
      "/Users/timothyblanchard/Projects/Makers/vBook/spec/features/feature_liking_posts_spec.rb": [

      ],
      "/Users/timothyblanchard/Projects/Makers/vBook/spec/features/feature_login_spec.rb": [
        null,
        1,
        1,
        3,
        1,
        1,
        1,
        null,
        1,
        1,
        1,
        1,
        null,
        null
      ],
      "/Users/timothyblanchard/Projects/Makers/vBook/spec/features/feature_logout_spec.rb": [
        1,
        1,
        3,
        1,
        1,
        1,
        1,
        1,
        null,
        1,
        1,
        null,
        null,
        null
      ],
      "/Users/timothyblanchard/Projects/Makers/vBook/spec/features/feature_message_display_spec.rb": [
        1,
        1,
        1,
        3,
        3,
        3,
        3,
        3,
        null,
        1,
        null,
        null,
        1,
        1,
        1,
        null,
        1,
        1,
        null,
        null,
        null
      ],
      "/Users/timothyblanchard/Projects/Makers/vBook/spec/features/feature_message_sending_spec.rb": [
        1,
        1,
        1,
        3,
        3,
        null,
        1,
        1,
        1,
        null,
        1,
        1,
        1,
        null,
        1,
        1,
        1,
        1,
        1,
        1,
        null,
        null
      ],
      "/Users/timothyblanchard/Projects/Makers/vBook/spec/features/feature_post_comments_spec.rb": [

      ],
      "/Users/timothyblanchard/Projects/Makers/vBook/spec/helpers/home_helper_spec.rb": [
        1,
        null,
        null,
        null,
        null,
        null,
        null,
        null,
        null,
        null,
        null,
        null,
        1,
        1,
        null
      ],
      "/Users/timothyblanchard/Projects/Makers/vBook/app/controllers/posts_controller.rb": [
        1,
        1,
        5,
        4,
        null,
        null,
        1,
        4,
        4,
        null,
        null,
        1,
        0,
        null,
        null,
        1,
        11,
        null,
        null,
        1,
        null,
        1,
        4,
        4,
        null,
        null
      ]
    },
    "timestamp": 1535648274
  }
}
