{
  "RSpec": {
    "coverage": {
      "/Users/jackbranch/Desktop/Makers Course Files/Week 8/acebook-rails-template/spec/controllers/profile_controller_spec.rb": [
        1,
        null,
        1,
        null,
        null
      ],
      "/Users/jackbranch/Desktop/Makers Course Files/Week 8/acebook-rails-template/app/controllers/profile_controller.rb": [
        1,
        null
      ],
      "/Users/jackbranch/Desktop/Makers Course Files/Week 8/acebook-rails-template/app/controllers/application_controller.rb": [
        1,
        1,
        1,
        null,
        1,
        null,
        1,
        19,
        19,
        19,
        19,
        null,
        null
      ],
      "/Users/jackbranch/Desktop/Makers Course Files/Week 8/acebook-rails-template/spec/features/feature_homePage_spec.rb": [

      ],
      "/Users/jackbranch/Desktop/Makers Course Files/Week 8/acebook-rails-template/spec/features/feature_like_posts_spec.rb": [
        1,
        1,
        1,
        1,
        1,
        1,
        1,
        null,
        1,
        1,
        1,
        0,
        0,
        0,
        null,
        null
      ],
      "/Users/jackbranch/Desktop/Makers Course Files/Week 8/acebook-rails-template/spec/features/feature_login_spec.rb": [
        1,
        1,
        3,
        1,
        1,
        1,
        1,
        null,
        1,
        1,
        1,
        1,
        null,
        null
      ],
      "/Users/jackbranch/Desktop/Makers Course Files/Week 8/acebook-rails-template/spec/features/feature_logout_spec.rb": [
        1,
        1,
        3,
        1,
        1,
        1,
        1,
        1,
        null,
        1,
        1,
        null,
        null,
        null
      ],
      "/Users/jackbranch/Desktop/Makers Course Files/Week 8/acebook-rails-template/spec/features/feature_message_display_spec.rb": [
        1,
        1,
        1,
        3,
        3,
        3,
        3,
        3,
        null,
        1,
        1,
        1,
        1,
        1,
        null,
        1,
        1,
        1,
        null,
        1,
        1,
        1,
        null,
        null
      ],
      "/Users/jackbranch/Desktop/Makers Course Files/Week 8/acebook-rails-template/spec/features/feature_message_sending_spec.rb": [
        1,
        1,
        1,
        3,
        3,
        null,
        1,
        1,
        1,
        null,
        1,
        1,
        1,
        null,
        1,
        1,
        1,
        1,
        1,
        1,
        null,
        null
      ],
      "/Users/jackbranch/Desktop/Makers Course Files/Week 8/acebook-rails-template/spec/features/feature_profile_page_spec.rb": [

      ],
      "/Users/jackbranch/Desktop/Makers Course Files/Week 8/acebook-rails-template/spec/helpers/home_helper_spec.rb": [
        1,
        null,
        null,
        null,
        null,
        null,
        null,
        null,
        null,
        null,
        null,
        null,
        1,
        1,
        null
      ],
      "/Users/jackbranch/Desktop/Makers Course Files/Week 8/acebook-rails-template/spec/helpers/like_helper_spec.rb": [
        1,
        null,
        null,
        null,
        null,
        null,
        null,
        null,
        null,
        null,
        null,
        null,
        1,
        1,
        null
      ],
      "/Users/jackbranch/Desktop/Makers Course Files/Week 8/acebook-rails-template/spec/helpers/profile_helper_spec.rb": [
        1,
        null,
        null,
        null,
        null,
        null,
        null,
        null,
        null,
        null,
        null,
        null,
        1,
        1,
        null
      ],
      "/Users/jackbranch/Desktop/Makers Course Files/Week 8/acebook-rails-template/app/controllers/posts_controller.rb": [
        1,
        1,
        6,
        5,
        null,
        null,
        1,
        5,
        5,
        null,
        5,
        null,
        null,
        1,
        0,
        null,
        null,
        1,
        14,
        null,
        null,
        1,
        null,
        null,
        null,
        1,
        null,
        1,
        0,
        0,
        0,
        0,
        null,
        null,
        1,
        10,
        10,
        10,
        10,
        null,
        0,
        null,
        null,
        null
      ],
      "/Users/jackbranch/Desktop/Makers Course Files/Week 8/acebook-rails-template/app/controllers/home_controller.rb": [
        1,
        null,
        null,
        null,
        null
      ]
    },
    "timestamp": 1535634018
  }
}
